app2019/NewApp-Final/app/build/intermediates/manifest_merge_blame_file/debug/manifest-merger-blame-debug-report.txt
1<?xml version="1.0" encoding="utf-8"?>
2<manifest xmlns:android="http://schemas.android.com/apk/res/android"
3    package="cl.ccu.skintears"
4    android:installLocation="preferExternal"
5    android:versionCode="1"
6    android:versionName="1.0" >
7
8    <uses-sdk
9        android:minSdkVersion="21"
9-->src/main/AndroidManifest.xml
10        android:targetSdkVersion="28" />
10-->src/main/AndroidManifest.xml
11
12    <uses-permission android:name="android.permission.INTERNET" />
12-->src/main/AndroidManifest.xml:5:5-67
12-->src/main/AndroidManifest.xml:5:22-64
13    <uses-permission android:name="android.permission.WRITE_EXTERNAL_STORAGE" /> <!-- Para informar que necesitamos que el dispositivo tenga una cámara -->
13-->src/main/AndroidManifest.xml:6:5-81
13-->src/main/AndroidManifest.xml:6:22-78
14
15    <uses-permission android:name="android.permission.ACCESS_NETWORK_STATE" />
15-->src/main/AndroidManifest.xml:8:5-79
15-->src/main/AndroidManifest.xml:8:22-76
16    <uses-permission android:name="android.permission.CAMERA" />
16-->src/main/AndroidManifest.xml:10:5-65
16-->src/main/AndroidManifest.xml:10:22-62
17
18    <uses-feature
18-->src/main/AndroidManifest.xml:11:5-84
19        android:name="android.hardware.camera"
19-->src/main/AndroidManifest.xml:11:19-57
20        android:required="true" />
20-->src/main/AndroidManifest.xml:11:58-81
21    <uses-feature android:name="android.hardware.camera.autofocus" />
21-->src/main/AndroidManifest.xml:12:5-70
21-->src/main/AndroidManifest.xml:12:19-67
22
23    <application
23-->src/main/AndroidManifest.xml:15:5-123:19
24        android:name="cl.ccu.skintears.activities.evaluaciones.Utilidad"
24-->src/main/AndroidManifest.xml:16:9-73
25        android:allowBackup="true"
25-->src/main/AndroidManifest.xml:17:9-35
26        android:appComponentFactory="android.support.v4.app.CoreComponentFactory"
26-->[com.android.support:support-compat:28.0.0] AndroidManifest.xml:22:18-91
27        android:debuggable="true"
28        android:icon="@mipmap/ic_skin_tears_launcher"
28-->src/main/AndroidManifest.xml:18:9-54
29        android:label="@string/app_name"
29-->src/main/AndroidManifest.xml:19:9-41
30        android:networkSecurityConfig="@xml/network_security_config"
30-->src/main/AndroidManifest.xml:20:9-69
31        android:roundIcon="@mipmap/ic_skin_tears_launcher_round"
31-->src/main/AndroidManifest.xml:21:9-65
32        android:supportsRtl="true"
32-->src/main/AndroidManifest.xml:22:9-35
33        android:testOnly="true"
34        android:theme="@style/AppTheme" >
34-->src/main/AndroidManifest.xml:23:9-40
35        <uses-library
35-->src/main/AndroidManifest.xml:26:9-28:40
36            android:name="org.apache.http.legacy"
36-->src/main/AndroidManifest.xml:27:13-50
37            android:required="false" /> <!-- Add license key in meta-data tag here -->
37-->src/main/AndroidManifest.xml:28:13-37
38        <meta-data
39            android:name="pdftron_license_key"
39-->src/main/AndroidManifest.xml:30:13-47
40            android:value="YOUR_PDFTRON_LICENSE_KEY_GOES_HERE" />
40-->src/main/AndroidManifest.xml:31:13-49
41
42        <activity android:name="cl.ccu.skintears.activities.reconocimiento.SubirImagenActivity" />
42-->src/main/AndroidManifest.xml:33:9-99
42-->src/main/AndroidManifest.xml:33:19-96
43        <activity android:name="cl.ccu.skintears.activities.reconocimiento.CameraActivity" />
43-->src/main/AndroidManifest.xml:34:9-94
43-->src/main/AndroidManifest.xml:34:19-91
44        <activity
44-->src/main/AndroidManifest.xml:35:9-39:55
45            android:name="com.pdftron.pdf.controls.DocumentActivity"
45-->src/main/AndroidManifest.xml:36:13-69
46            android:configChanges="keyboardHidden|orientation|screenSize|screenLayout|smallestScreenSize"
46-->src/main/AndroidManifest.xml:37:13-106
47            android:theme="@style/CustomAppTheme"
47-->src/main/AndroidManifest.xml:38:13-50
48            android:windowSoftInputMode="adjustPan" />
48-->src/main/AndroidManifest.xml:39:13-52
49        <activity android:name="cl.ccu.skintears.androidpdfviewer.AndroidPDFViewer" />
49-->src/main/AndroidManifest.xml:40:9-87
49-->src/main/AndroidManifest.xml:40:19-84
50
51        <provider
52            android:name="android.support.v4.content.FileProvider"
52-->src/main/AndroidManifest.xml:43:13-67
53            android:authorities="cl.ccu.skintears.provider"
53-->src/main/AndroidManifest.xml:44:13-60
54            android:exported="false"
54-->src/main/AndroidManifest.xml:45:13-37
55            android:grantUriPermissions="true" >
55-->src/main/AndroidManifest.xml:46:13-47
56            <meta-data
56-->src/main/AndroidManifest.xml:47:13-49:58
57                android:name="android.support.FILE_PROVIDER_PATHS"
57-->src/main/AndroidManifest.xml:48:17-67
58                android:resource="@xml/provider_paths" />
58-->src/main/AndroidManifest.xml:49:17-55
59        </provider>
60
61        <activity
61-->src/main/AndroidManifest.xml:52:9-61:20
62            android:name="cl.ccu.skintears.activities.InicioActivity"
62-->src/main/AndroidManifest.xml:53:13-70
63            android:label="@string/title_activity_inicio"
63-->src/main/AndroidManifest.xml:54:13-58
64            android:theme="@style/AppTheme.NoActionBar" >
64-->src/main/AndroidManifest.xml:55:13-56
65            <intent-filter>
65-->src/main/AndroidManifest.xml:56:13-60:29
66                <action android:name="android.intent.action.MAIN" />
66-->src/main/AndroidManifest.xml:57:17-69
66-->src/main/AndroidManifest.xml:57:25-66
67
68                <category android:name="android.intent.category.LAUNCHER" />
68-->src/main/AndroidManifest.xml:59:17-77
68-->src/main/AndroidManifest.xml:59:27-74
69            </intent-filter>
70        </activity>
71        <activity
71-->src/main/AndroidManifest.xml:62:9-65:59
72            android:name="cl.ccu.skintears.activities.ContenidosActivity"
72-->src/main/AndroidManifest.xml:63:13-74
73            android:label="@string/title_activity_contenidos"
73-->src/main/AndroidManifest.xml:64:13-62
74            android:theme="@style/AppTheme.NoActionBar" />
74-->src/main/AndroidManifest.xml:65:13-56
75        <activity
75-->src/main/AndroidManifest.xml:66:9-69:59
76            android:name="cl.ccu.skintears.activities.TratamientosActivity"
76-->src/main/AndroidManifest.xml:67:13-76
77            android:label="@string/title_activity_tratamientos"
77-->src/main/AndroidManifest.xml:68:13-64
78            android:theme="@style/AppTheme.NoActionBar" />
78-->src/main/AndroidManifest.xml:69:13-56
79        <activity
79-->src/main/AndroidManifest.xml:70:9-73:59
80            android:name="cl.ccu.skintears.activities.EvaluacionesActivity"
80-->src/main/AndroidManifest.xml:71:13-76
81            android:label="@string/title_activity_evaluaciones"
81-->src/main/AndroidManifest.xml:72:13-64
82            android:theme="@style/AppTheme.NoActionBar" />
82-->src/main/AndroidManifest.xml:73:13-56
83        <activity
83-->src/main/AndroidManifest.xml:74:9-78:59
84            android:name="cl.ccu.skintears.activities.CompartirImagenActivity"
84-->src/main/AndroidManifest.xml:75:13-79
85            android:label="@string/title_activity_compartir"
85-->src/main/AndroidManifest.xml:76:13-61
86            android:parentActivityName="cl.ccu.skintears.activities.InicioActivity"
86-->src/main/AndroidManifest.xml:77:13-84
87            android:theme="@style/AppTheme.NoActionBar" />
87-->src/main/AndroidManifest.xml:78:13-56
88        <activity
88-->src/main/AndroidManifest.xml:79:9-82:59
89            android:name="cl.ccu.skintears.activities.ReconocimientoActivity"
89-->src/main/AndroidManifest.xml:80:13-78
90            android:label="@string/title_activity_reconocimiento"
90-->src/main/AndroidManifest.xml:81:13-66
91            android:theme="@style/AppTheme.NoActionBar" />
91-->src/main/AndroidManifest.xml:82:13-56
92        <activity
92-->src/main/AndroidManifest.xml:83:9-86:61
93            android:name="cl.ccu.skintears.activities.evaluaciones.MenuEvaluacion"
93-->src/main/AndroidManifest.xml:84:13-83
94            android:label="@string/app_name"
94-->src/main/AndroidManifest.xml:85:13-45
95            android:screenOrientation="portrait" />
95-->src/main/AndroidManifest.xml:86:13-49
96        <activity
96-->src/main/AndroidManifest.xml:87:9-95:20
97            android:name="cl.ccu.skintears.activities.evaluaciones.PreguntasEvaluacion"
97-->src/main/AndroidManifest.xml:88:13-88
98            android:label="@string/app_name"
98-->src/main/AndroidManifest.xml:89:13-45
99            android:parentActivityName="cl.ccu.skintears.activities.evaluaciones.MenuEvaluacion"
99-->src/main/AndroidManifest.xml:90:13-97
100            android:screenOrientation="portrait" >
100-->src/main/AndroidManifest.xml:91:13-49
101            <meta-data
101-->src/main/AndroidManifest.xml:92:13-94:91
102                android:name="android.support.PARENT_ACTIVITY"
102-->src/main/AndroidManifest.xml:93:17-63
103                android:value="cl.ccu.skintears.activities.evaluaciones.MenuEvaluacion" />
103-->src/main/AndroidManifest.xml:94:17-88
104        </activity>
105        <activity
105-->src/main/AndroidManifest.xml:96:9-104:20
106            android:name="cl.ccu.skintears.activities.evaluaciones.Resultados"
106-->src/main/AndroidManifest.xml:97:13-79
107            android:label="@string/app_name"
107-->src/main/AndroidManifest.xml:98:13-45
108            android:parentActivityName="cl.ccu.skintears.activities.evaluaciones.MenuEvaluacion"
108-->src/main/AndroidManifest.xml:99:13-97
109            android:screenOrientation="portrait" >
109-->src/main/AndroidManifest.xml:100:13-49
110            <meta-data
110-->src/main/AndroidManifest.xml:92:13-94:91
111                android:name="android.support.PARENT_ACTIVITY"
111-->src/main/AndroidManifest.xml:93:17-63
112                android:value="cl.ccu.skintears.activities.evaluaciones.MenuEvaluacion" />
112-->src/main/AndroidManifest.xml:94:17-88
113        </activity>
114        <activity
114-->src/main/AndroidManifest.xml:105:9-113:20
115            android:name="cl.ccu.skintears.activities.evaluaciones.Despedida"
115-->src/main/AndroidManifest.xml:106:13-78
116            android:label="@string/app_name"
116-->src/main/AndroidManifest.xml:107:13-45
117            android:parentActivityName="cl.ccu.skintears.activities.evaluaciones.MenuEvaluacion"
117-->src/main/AndroidManifest.xml:108:13-97
118            android:screenOrientation="portrait" >
118-->src/main/AndroidManifest.xml:109:13-49
119            <meta-data
119-->src/main/AndroidManifest.xml:92:13-94:91
120                android:name="android.support.PARENT_ACTIVITY"
120-->src/main/AndroidManifest.xml:93:17-63
121                android:value="cl.ccu.skintears.activities.evaluaciones.MenuEvaluacion" />
121-->src/main/AndroidManifest.xml:94:17-88
122        </activity>
123        <activity
123-->src/main/AndroidManifest.xml:117:9-119:20
124            android:name="cl.ccu.skintears.tflitecamera.CameraActivity"
124-->src/main/AndroidManifest.xml:117:19-78
125            android:label="@string/app_name" >
125-->src/main/AndroidManifest.xml:118:13-45
126        </activity>
127
128        <provider
128-->[com.pdftron:tools:6.10.4] AndroidManifest.xml:11:9-14:40
129            android:name="com.pdftron.pdf.utils.PDFTronToolsInitializer"
129-->[com.pdftron:tools:6.10.4] AndroidManifest.xml:12:13-73
130            android:authorities="cl.ccu.skintears.pdftron-tools"
130-->[com.pdftron:tools:6.10.4] AndroidManifest.xml:13:13-65
131            android:exported="false" />
131-->[com.pdftron:tools:6.10.4] AndroidManifest.xml:14:13-37
132        <provider
132-->[com.pdftron:tools:6.10.4] AndroidManifest.xml:19:9-27:20
133            android:name="com.pdftron.pdf.utils.ShareProvider"
133-->[com.pdftron:tools:6.10.4] AndroidManifest.xml:20:13-63
134            android:authorities="cl.ccu.skintears.pdftron.fileprovider"
134-->[com.pdftron:tools:6.10.4] AndroidManifest.xml:21:13-72
135            android:exported="false"
135-->[com.pdftron:tools:6.10.4] AndroidManifest.xml:22:13-37
136            android:grantUriPermissions="true" >
136-->[com.pdftron:tools:6.10.4] AndroidManifest.xml:23:13-47
137            <meta-data
137-->src/main/AndroidManifest.xml:47:13-49:58
138                android:name="android.support.FILE_PROVIDER_PATHS"
138-->src/main/AndroidManifest.xml:48:17-67
139                android:resource="@xml/provider_paths" />
139-->src/main/AndroidManifest.xml:49:17-55
140        </provider>
141        <provider
141-->[android.arch.lifecycle:extensions:1.1.1] AndroidManifest.xml:23:9-27:43
142            android:name="android.arch.lifecycle.ProcessLifecycleOwnerInitializer"
142-->[android.arch.lifecycle:extensions:1.1.1] AndroidManifest.xml:24:13-83
143            android:authorities="cl.ccu.skintears.lifecycle-trojan"
143-->[android.arch.lifecycle:extensions:1.1.1] AndroidManifest.xml:25:13-68
144            android:exported="false"
144-->[android.arch.lifecycle:extensions:1.1.1] AndroidManifest.xml:26:13-37
145            android:multiprocess="true" />
145-->[android.arch.lifecycle:extensions:1.1.1] AndroidManifest.xml:27:13-40
146    </application>
147
148</manifest>